This is XeTeX, Version 3.141592653-2.6-0.999997 (TeX Live 2025) (preloaded format=xelatex 2025.3.8)  28 JAN 2026 18:40
entering extended mode
 restricted \write18 enabled.
 %&-line parsing enabled.
**mathlib_provenance_from_riemann_active.tex
(./mathlib_provenance_from_riemann_active.tex
LaTeX2e <2024-11-01> patch level 2
L3 programming layer <2025-01-18>
(/usr/local/texlive/2025basic/texmf-dist/tex/latex/base/article.cls
Document Class: article 2024/06/29 v1.4n Standard LaTeX document class
(/usr/local/texlive/2025basic/texmf-dist/tex/latex/base/size11.clo
File: size11.clo 2024/06/29 v1.4n Standard LaTeX file (size option)
)
\c@part=\count192
\c@section=\count193
\c@subsection=\count194
\c@subsubsection=\count195
\c@paragraph=\count196
\c@subparagraph=\count197
\c@figure=\count198
\c@table=\count199
\abovecaptionskip=\skip49
\belowcaptionskip=\skip50
\bibindent=\dimen141
)
(/usr/local/texlive/2025basic/texmf-dist/tex/latex/geometry/geometry.sty
Package: geometry 2020/01/02 v5.9 Page Geometry

(/usr/local/texlive/2025basic/texmf-dist/tex/latex/graphics/keyval.sty
Package: keyval 2022/05/29 v1.15 key=value parser (DPC)
\KV@toks@=\toks17
)
(/usr/local/texlive/2025basic/texmf-dist/tex/generic/iftex/ifvtex.sty
Package: ifvtex 2019/10/25 v1.7 ifvtex legacy package. Use iftex instead.

(/usr/local/texlive/2025basic/texmf-dist/tex/generic/iftex/iftex.sty
Package: iftex 2024/12/12 v1.0g TeX engine tests
))
\Gm@cnth=\count266
\Gm@cntv=\count267
\c@Gm@tempcnt=\count268
\Gm@bindingoffset=\dimen142
\Gm@wd@mp=\dimen143
\Gm@odd@mp=\dimen144
\Gm@even@mp=\dimen145
\Gm@layoutwidth=\dimen146
\Gm@layoutheight=\dimen147
\Gm@layouthoffset=\dimen148
\Gm@layoutvoffset=\dimen149
\Gm@dimlist=\toks18
)
(/usr/local/texlive/2025basic/texmf-dist/tex/latex/base/fontenc.sty
Package: fontenc 2021/04/29 v2.0v Standard LaTeX package
LaTeX Font Info:    Trying to load font information for T1+lmr on input line 11
6.

(/Users/jonathanwashburn/Library/texmf/tex/latex/lm/t1lmr.fd
File: t1lmr.fd 2015/05/01 v1.6.1 Font defs for Latin Modern
))
(/Users/jonathanwashburn/Library/texmf/tex/latex/lm/lmodern.sty
Package: lmodern 2015/05/01 v1.6.1 Latin Modern Fonts
LaTeX Font Info:    Overwriting symbol font `operators' in version `normal'
(Font)                  OT1/cmr/m/n --> OT1/lmr/m/n on input line 22.
LaTeX Font Info:    Overwriting symbol font `letters' in version `normal'
(Font)                  OML/cmm/m/it --> OML/lmm/m/it on input line 23.
LaTeX Font Info:    Overwriting symbol font `symbols' in version `normal'
(Font)                  OMS/cmsy/m/n --> OMS/lmsy/m/n on input line 24.
LaTeX Font Info:    Overwriting symbol font `largesymbols' in version `normal'
(Font)                  OMX/cmex/m/n --> OMX/lmex/m/n on input line 25.
LaTeX Font Info:    Overwriting symbol font `operators' in version `bold'
(Font)                  OT1/cmr/bx/n --> OT1/lmr/bx/n on input line 26.
LaTeX Font Info:    Overwriting symbol font `letters' in version `bold'
(Font)                  OML/cmm/b/it --> OML/lmm/b/it on input line 27.
LaTeX Font Info:    Overwriting symbol font `symbols' in version `bold'
(Font)                  OMS/cmsy/b/n --> OMS/lmsy/b/n on input line 28.
LaTeX Font Info:    Overwriting symbol font `largesymbols' in version `bold'
(Font)                  OMX/cmex/m/n --> OMX/lmex/m/n on input line 29.
LaTeX Font Info:    Overwriting math alphabet `\mathbf' in version `normal'
(Font)                  OT1/cmr/bx/n --> OT1/lmr/bx/n on input line 31.
LaTeX Font Info:    Overwriting math alphabet `\mathsf' in version `normal'
(Font)                  OT1/cmss/m/n --> OT1/lmss/m/n on input line 32.
LaTeX Font Info:    Overwriting math alphabet `\mathit' in version `normal'
(Font)                  OT1/cmr/m/it --> OT1/lmr/m/it on input line 33.
LaTeX Font Info:    Overwriting math alphabet `\mathtt' in version `normal'
(Font)                  OT1/cmtt/m/n --> OT1/lmtt/m/n on input line 34.
LaTeX Font Info:    Overwriting math alphabet `\mathbf' in version `bold'
(Font)                  OT1/cmr/bx/n --> OT1/lmr/bx/n on input line 35.
LaTeX Font Info:    Overwriting math alphabet `\mathsf' in version `bold'
(Font)                  OT1/cmss/bx/n --> OT1/lmss/bx/n on input line 36.
LaTeX Font Info:    Overwriting math alphabet `\mathit' in version `bold'
(Font)                  OT1/cmr/bx/it --> OT1/lmr/bx/it on input line 37.
LaTeX Font Info:    Overwriting math alphabet `\mathtt' in version `bold'
(Font)                  OT1/cmtt/m/n --> OT1/lmtt/m/n on input line 38.
)
(/usr/local/texlive/2025basic/texmf-dist/tex/latex/microtype/microtype.sty
Package: microtype 2025/02/11 v3.2a Micro-typographical refinements (RS)

(/Users/jonathanwashburn/Library/texmf/tex/latex/etoolbox/etoolbox.sty
Package: etoolbox 2025/02/11 v2.5l e-TeX tools for LaTeX (JAW)
\etb@tempcnta=\count269
)
\MT@toks=\toks19
\MT@tempbox=\box52
\MT@count=\count270
LaTeX Info: Redefining \noprotrusionifhmode on input line 1087.
LaTeX Info: Redefining \leftprotrusion on input line 1088.
\MT@prot@toks=\toks20
LaTeX Info: Redefining \rightprotrusion on input line 1107.
LaTeX Info: Redefining \textls on input line 1449.
\MT@outer@kern=\dimen150
LaTeX Info: Redefining \microtypecontext on input line 2053.
LaTeX Info: Redefining \textmicrotypecontext on input line 2070.
\MT@listname@count=\count271

(/usr/local/texlive/2025basic/texmf-dist/tex/latex/microtype/microtype-xetex.de
f
File: microtype-xetex.def 2025/02/11 v3.2a Definitions specific to xetex (RS)
LaTeX Info: Redefining \lsstyle on input line 443.
LaTeX Info: Redefining \lslig on input line 451.
\MT@outer@space=\skip51
)
Package microtype Info: Loading configuration file microtype.cfg.
 (/usr/local/texlive/2025basic/texmf-dist/tex/latex/microtype/microtype.cfg
File: microtype.cfg 2025/02/11 v3.2a microtype main configuration file (RS)
)
LaTeX Info: Redefining \microtypesetup on input line 3065.
) (/usr/local/texlive/2025basic/texmf-dist/tex/latex/amsmath/amsmath.sty
Package: amsmath 2024/11/05 v2.17t AMS math features
\@mathmargin=\skip52

For additional information on amsmath, use the `?' option.
(/usr/local/texlive/2025basic/texmf-dist/tex/latex/amsmath/amstext.sty
Package: amstext 2021/08/26 v2.01 AMS text

(/usr/local/texlive/2025basic/texmf-dist/tex/latex/amsmath/amsgen.sty
File: amsgen.sty 1999/11/30 v2.0 generic functions
\@emptytoks=\toks21
\ex@=\dimen151
))
(/usr/local/texlive/2025basic/texmf-dist/tex/latex/amsmath/amsbsy.sty
Package: amsbsy 1999/11/29 v1.2d Bold Symbols
\pmbraise@=\dimen152
)
(/usr/local/texlive/2025basic/texmf-dist/tex/latex/amsmath/amsopn.sty
Package: amsopn 2022/04/08 v2.04 operator names
)
\inf@bad=\count272
LaTeX Info: Redefining \frac on input line 233.
\uproot@=\count273
\leftroot@=\count274
LaTeX Info: Redefining \overline on input line 398.
LaTeX Info: Redefining \colon on input line 409.
\classnum@=\count275
\DOTSCASE@=\count276
LaTeX Info: Redefining \ldots on input line 495.
LaTeX Info: Redefining \dots on input line 498.
LaTeX Info: Redefining \cdots on input line 619.
\Mathstrutbox@=\box53
\strutbox@=\box54
LaTeX Info: Redefining \big on input line 721.
LaTeX Info: Redefining \Big on input line 722.
LaTeX Info: Redefining \bigg on input line 723.
LaTeX Info: Redefining \Bigg on input line 724.
\big@size=\dimen153
LaTeX Font Info:    Redeclaring font encoding OML on input line 742.
LaTeX Font Info:    Redeclaring font encoding OMS on input line 743.
\macc@depth=\count277
LaTeX Info: Redefining \bmod on input line 904.
LaTeX Info: Redefining \pmod on input line 909.
LaTeX Info: Redefining \smash on input line 939.
LaTeX Info: Redefining \relbar on input line 969.
LaTeX Info: Redefining \Relbar on input line 970.
\c@MaxMatrixCols=\count278
\dotsspace@=\muskip17
\c@parentequation=\count279
\dspbrk@lvl=\count280
\tag@help=\toks22
\row@=\count281
\column@=\count282
\maxfields@=\count283
\andhelp@=\toks23
\eqnshift@=\dimen154
\alignsep@=\dimen155
\tagshift@=\dimen156
\tagwidth@=\dimen157
\totwidth@=\dimen158
\lineht@=\dimen159
\@envbody=\toks24
\multlinegap=\skip53
\multlinetaggap=\skip54
\mathdisplay@stack=\toks25
LaTeX Info: Redefining \[ on input line 2953.
LaTeX Info: Redefining \] on input line 2954.
)
(/usr/local/texlive/2025basic/texmf-dist/tex/latex/amsfonts/amssymb.sty
Package: amssymb 2013/01/14 v3.01 AMS font symbols

(/usr/local/texlive/2025basic/texmf-dist/tex/latex/amsfonts/amsfonts.sty
Package: amsfonts 2013/01/14 v3.01 Basic AMSFonts support
\symAMSa=\mathgroup4
\symAMSb=\mathgroup5
LaTeX Font Info:    Redeclaring math symbol \hbar on input line 98.
LaTeX Font Info:    Overwriting math alphabet `\mathfrak' in version `bold'
(Font)                  U/euf/m/n --> U/euf/b/n on input line 106.
))
(/usr/local/texlive/2025basic/texmf-dist/tex/latex/booktabs/booktabs.sty
Package: booktabs 2020/01/12 v1.61803398 Publication quality tables
\heavyrulewidth=\dimen160
\lightrulewidth=\dimen161
\cmidrulewidth=\dimen162
\belowrulesep=\dimen163
\belowbottomsep=\dimen164
\aboverulesep=\dimen165
\abovetopsep=\dimen166
\cmidrulesep=\dimen167
\cmidrulekern=\dimen168
\defaultaddspace=\dimen169
\@cmidla=\count284
\@cmidlb=\count285
\@aboverulesep=\dimen170
\@belowrulesep=\dimen171
\@thisruleclass=\count286
\@lastruleclass=\count287
\@thisrulewidth=\dimen172
)
(/usr/local/texlive/2025basic/texmf-dist/tex/latex/tools/longtable.sty
Package: longtable 2024-10-27 v4.22 Multi-page Table package (DPC)
\LTleft=\skip55
\LTright=\skip56
\LTpre=\skip57
\LTpost=\skip58
\LTchunksize=\count288
\LTcapwidth=\dimen173
\LT@head=\box55
\LT@firsthead=\box56
\LT@foot=\box57
\LT@lastfoot=\box58
\LT@gbox=\box59
\LT@cols=\count289
\LT@rows=\count290
\c@LT@tables=\count291
\c@LT@chunks=\count292
\LT@p@ftn=\toks26
)
(/usr/local/texlive/2025basic/texmf-dist/tex/latex/hyperref/hyperref.sty
Package: hyperref 2024-11-05 v7.01l Hypertext links for LaTeX

(/usr/local/texlive/2025basic/texmf-dist/tex/latex/kvsetkeys/kvsetkeys.sty
Package: kvsetkeys 2022-10-05 v1.19 Key value parser (HO)
)
(/usr/local/texlive/2025basic/texmf-dist/tex/generic/kvdefinekeys/kvdefinekeys.
sty
Package: kvdefinekeys 2019-12-19 v1.6 Define keys (HO)
)
(/usr/local/texlive/2025basic/texmf-dist/tex/generic/pdfescape/pdfescape.sty
Package: pdfescape 2019/12/09 v1.15 Implements pdfTeX's escape features (HO)

(/usr/local/texlive/2025basic/texmf-dist/tex/generic/ltxcmds/ltxcmds.sty
Package: ltxcmds 2023-12-04 v1.26 LaTeX kernel commands for general use (HO)
)
(/usr/local/texlive/2025basic/texmf-dist/tex/generic/pdftexcmds/pdftexcmds.sty
Package: pdftexcmds 2020-06-27 v0.33 Utility functions of pdfTeX for LuaTeX (HO
)

(/usr/local/texlive/2025basic/texmf-dist/tex/generic/infwarerr/infwarerr.sty
Package: infwarerr 2019/12/03 v1.5 Providing info/warning/error messages (HO)
)
Package pdftexcmds Info: \pdf@primitive is available.
Package pdftexcmds Info: \pdf@ifprimitive is available.
Package pdftexcmds Info: \pdfdraftmode not found.
)) (/usr/local/texlive/2025basic/texmf-dist/tex/latex/hycolor/hycolor.sty
Package: hycolor 2020-01-27 v1.10 Color options for hyperref/bookmark (HO)
)
(/usr/local/texlive/2025basic/texmf-dist/tex/latex/hyperref/nameref.sty
Package: nameref 2023-11-26 v2.56 Cross-referencing by name of section

(/usr/local/texlive/2025basic/texmf-dist/tex/latex/refcount/refcount.sty
Package: refcount 2019/12/15 v3.6 Data extraction from label references (HO)
)
(/usr/local/texlive/2025basic/texmf-dist/tex/generic/gettitlestring/gettitlestr
ing.sty
Package: gettitlestring 2019/12/15 v1.6 Cleanup title references (HO)

(/usr/local/texlive/2025basic/texmf-dist/tex/latex/kvoptions/kvoptions.sty
Package: kvoptions 2022-06-15 v3.15 Key value format for package options (HO)
))
\c@section@level=\count293
)
(/usr/local/texlive/2025basic/texmf-dist/tex/generic/stringenc/stringenc.sty
Package: stringenc 2019/11/29 v1.12 Convert strings between diff. encodings (HO
)
)
\@linkdim=\dimen174
\Hy@linkcounter=\count294
\Hy@pagecounter=\count295

(/usr/local/texlive/2025basic/texmf-dist/tex/latex/hyperref/pd1enc.def
File: pd1enc.def 2024-11-05 v7.01l Hyperref: PDFDocEncoding definition (HO)
)
(/usr/local/texlive/2025basic/texmf-dist/tex/generic/intcalc/intcalc.sty
Package: intcalc 2019/12/15 v1.3 Expandable calculations with integers (HO)
)
\Hy@SavedSpaceFactor=\count296

(/usr/local/texlive/2025basic/texmf-dist/tex/latex/hyperref/puenc.def
File: puenc.def 2024-11-05 v7.01l Hyperref: PDF Unicode definition (HO)
)
Package hyperref Info: Hyper figures OFF on input line 4157.
Package hyperref Info: Link nesting OFF on input line 4162.
Package hyperref Info: Hyper index ON on input line 4165.
Package hyperref Info: Plain pages OFF on input line 4172.
Package hyperref Info: Backreferencing OFF on input line 4177.
Package hyperref Info: Implicit mode ON; LaTeX internals redefined.
Package hyperref Info: Bookmarks ON on input line 4424.
\c@Hy@tempcnt=\count297

(/usr/local/texlive/2025basic/texmf-dist/tex/latex/url/url.sty
\Urlmuskip=\muskip18
Package: url 2013/09/16  ver 3.4  Verb mode for urls, etc.
)
LaTeX Info: Redefining \url on input line 4763.
\XeTeXLinkMargin=\dimen175

(/usr/local/texlive/2025basic/texmf-dist/tex/generic/bitset/bitset.sty
Package: bitset 2019/12/09 v1.3 Handle bit-vector datatype (HO)

(/usr/local/texlive/2025basic/texmf-dist/tex/generic/bigintcalc/bigintcalc.sty
Package: bigintcalc 2019/12/15 v1.5 Expandable calculations on big integers (HO
)
))
\Fld@menulength=\count298
\Field@Width=\dimen176
\Fld@charsize=\dimen177
Package hyperref Info: Hyper figures OFF on input line 6042.
Package hyperref Info: Link nesting OFF on input line 6047.
Package hyperref Info: Hyper index ON on input line 6050.
Package hyperref Info: backreferencing OFF on input line 6057.
Package hyperref Info: Link coloring OFF on input line 6062.
Package hyperref Info: Link coloring with OCG OFF on input line 6067.
Package hyperref Info: PDF/A mode OFF on input line 6072.
 (/usr/local/texlive/2025basic/texmf-dist/tex/latex/base/atbegshi-ltx.sty
Package: atbegshi-ltx 2021/01/10 v1.0c Emulation of the original atbegshi
package with kernel methods
)
\Hy@abspage=\count299
\c@Item=\count300
\c@Hfootnote=\count301
)
Package hyperref Info: Driver (autodetected): hxetex.

(/usr/local/texlive/2025basic/texmf-dist/tex/latex/hyperref/hxetex.def
File: hxetex.def 2024-11-05 v7.01l Hyperref driver for XeTeX
\pdfm@box=\box60
\c@Hy@AnnotLevel=\count302
\HyField@AnnotCount=\count303
\Fld@listcount=\count304
\c@bookmark@seq@number=\count305

(/usr/local/texlive/2025basic/texmf-dist/tex/latex/rerunfilecheck/rerunfilechec
k.sty
Package: rerunfilecheck 2022-07-10 v1.10 Rerun checks for auxiliary files (HO)
 (/usr/local/texlive/2025basic/texmf-dist/tex/latex/base/atveryend-ltx.sty
Package: atveryend-ltx 2020/08/19 v1.0a Emulation of the original atveryend pac
kage
with kernel methods
)
(/usr/local/texlive/2025basic/texmf-dist/tex/generic/uniquecounter/uniquecounte
r.sty
Package: uniquecounter 2019/12/15 v1.4 Provide unlimited unique counter (HO)
)
Package uniquecounter Info: New unique counter `rerunfilecheck' on input line 2
85.
)
\Hy@SectionHShift=\skip59
)
Package hyperref Info: Option `colorlinks' set `true' on input line 11.

(/usr/local/texlive/2025basic/texmf-dist/tex/latex/l3backend/l3backend-xetex.de
f
File: l3backend-xetex.def 2024-05-08 L3 backend support: XeTeX
\g__graphics_track_int=\count306
\l__pdf_internal_box=\box61
\g__pdf_backend_annotation_int=\count307
\g__pdf_backend_link_int=\count308
) (./mathlib_provenance_from_riemann_active.aux)
\openout1 = `mathlib_provenance_from_riemann_active.aux'.

LaTeX Font Info:    Checking defaults for OML/cmm/m/it on input line 17.
LaTeX Font Info:    ... okay on input line 17.
LaTeX Font Info:    Checking defaults for OMS/cmsy/m/n on input line 17.
LaTeX Font Info:    ... okay on input line 17.
LaTeX Font Info:    Checking defaults for OT1/cmr/m/n on input line 17.
LaTeX Font Info:    ... okay on input line 17.
LaTeX Font Info:    Checking defaults for T1/cmr/m/n on input line 17.
LaTeX Font Info:    ... okay on input line 17.
LaTeX Font Info:    Checking defaults for TS1/cmr/m/n on input line 17.
LaTeX Font Info:    ... okay on input line 17.
LaTeX Font Info:    Checking defaults for TU/lmr/m/n on input line 17.
LaTeX Font Info:    ... okay on input line 17.
LaTeX Font Info:    Checking defaults for OMX/cmex/m/n on input line 17.
LaTeX Font Info:    ... okay on input line 17.
LaTeX Font Info:    Checking defaults for U/cmr/m/n on input line 17.
LaTeX Font Info:    ... okay on input line 17.
LaTeX Font Info:    Checking defaults for PD1/pdf/m/n on input line 17.
LaTeX Font Info:    ... okay on input line 17.
LaTeX Font Info:    Checking defaults for PU/pdf/m/n on input line 17.
LaTeX Font Info:    ... okay on input line 17.

*geometry* driver: auto-detecting
*geometry* detected driver: xetex
*geometry* verbose mode - [ preamble ] result:
* driver: xetex
* paper: <default>
* layout: <same size as paper>
* layoutoffset:(h,v)=(0.0pt,0.0pt)
* modes: 
* h-part:(L,W,R)=(72.26999pt, 469.75502pt, 72.26999pt)
* v-part:(T,H,B)=(72.26999pt, 650.43001pt, 72.26999pt)
* \paperwidth=614.295pt
* \paperheight=794.96999pt
* \textwidth=469.75502pt
* \textheight=650.43001pt
* \oddsidemargin=0.0pt
* \evensidemargin=0.0pt
* \topmargin=-37.0pt
* \headheight=12.0pt
* \headsep=25.0pt
* \topskip=11.0pt
* \footskip=30.0pt
* \marginparwidth=59.0pt
* \marginparsep=10.0pt
* \columnsep=10.0pt
* \skip\footins=10.0pt plus 4.0pt minus 2.0pt
* \hoffset=0.0pt
* \voffset=0.0pt
* \mag=1000
* \@twocolumnfalse
* \@twosidefalse
* \@mparswitchfalse
* \@reversemarginfalse
* (1in=72.27pt=25.4mm, 1cm=28.453pt)

LaTeX Info: Redefining \microtypecontext on input line 17.
Package microtype Info: Applying patch `item' on input line 17.
Package microtype Info: Applying patch `toc' on input line 17.
Package microtype Info: Applying patch `eqnum' on input line 17.
Package microtype Info: Applying patch `footnote' on input line 17.
Package microtype Info: Applying patch `verbatim' on input line 17.
LaTeX Info: Redefining \microtypesetup on input line 17.
Package microtype Info: Character protrusion enabled (level 2).
Package microtype Info: Using default protrusion set `alltext'.
Package microtype Info: No adjustment of tracking.
Package microtype Info: No adjustment of spacing.
Package microtype Info: No adjustment of kerning.
(/usr/local/texlive/2025basic/texmf-dist/tex/latex/microtype/mt-cmr.cfg
File: mt-cmr.cfg 2013/05/19 v2.2 microtype config. file: Computer Modern Roman 
(RS)
)
(/usr/local/texlive/2025basic/texmf-dist/tex/latex/graphics/color.sty
Package: color 2024/06/23 v1.3e Standard LaTeX Color (DPC)

(/usr/local/texlive/2025basic/texmf-dist/tex/latex/graphics-cfg/color.cfg
File: color.cfg 2016/01/02 v1.6 sample color configuration
)
Package color Info: Driver file: xetex.def on input line 149.

(/usr/local/texlive/2025basic/texmf-dist/tex/latex/graphics-def/xetex.def
File: xetex.def 2022/09/22 v5.0n Graphics/color driver for xetex
)
(/usr/local/texlive/2025basic/texmf-dist/tex/latex/graphics/mathcolor.ltx))
Package hyperref Info: Link coloring ON on input line 17.

(./mathlib_provenance_from_riemann_active.out)
(./mathlib_provenance_from_riemann_active.out)
\@outlinefile=\write3
\openout3 = `mathlib_provenance_from_riemann_active.out'.



Package hyperref Warning: Rerun to get /PageLabels entry.

LaTeX Font Info:    Trying to load font information for T1+lmtt on input line 1
9.
(/Users/jonathanwashburn/Library/texmf/tex/latex/lm/t1lmtt.fd
File: t1lmtt.fd 2015/05/01 v1.6.1 Font defs for Latin Modern
)
Package microtype Info: Loading generic protrusion settings for font family
(microtype)             `lmtt' (encoding: T1).
(microtype)             For optimal results, create family-specific settings.
(microtype)             See the microtype manual for details.
LaTeX Font Info:    Trying to load font information for OT1+lmr on input line 1
9.

(/Users/jonathanwashburn/Library/texmf/tex/latex/lm/ot1lmr.fd
File: ot1lmr.fd 2015/05/01 v1.6.1 Font defs for Latin Modern
)
LaTeX Font Info:    Trying to load font information for OML+lmm on input line 1
9.

(/Users/jonathanwashburn/Library/texmf/tex/latex/lm/omllmm.fd
File: omllmm.fd 2015/05/01 v1.6.1 Font defs for Latin Modern
)
LaTeX Font Info:    Trying to load font information for OMS+lmsy on input line 
19.

(/Users/jonathanwashburn/Library/texmf/tex/latex/lm/omslmsy.fd
File: omslmsy.fd 2015/05/01 v1.6.1 Font defs for Latin Modern
)
LaTeX Font Info:    Trying to load font information for OMX+lmex on input line 
19.

(/Users/jonathanwashburn/Library/texmf/tex/latex/lm/omxlmex.fd
File: omxlmex.fd 2015/05/01 v1.6.1 Font defs for Latin Modern
)
LaTeX Font Info:    External font `lmex10' loaded for size
(Font)              <17.28> on input line 19.
LaTeX Font Info:    External font `lmex10' loaded for size
(Font)              <12> on input line 19.
LaTeX Font Info:    External font `lmex10' loaded for size
(Font)              <10> on input line 19.
LaTeX Font Info:    Trying to load font information for U+msa on input line 19.


(/usr/local/texlive/2025basic/texmf-dist/tex/latex/amsfonts/umsa.fd
File: umsa.fd 2013/01/14 v3.01 AMS symbols A
)
(/usr/local/texlive/2025basic/texmf-dist/tex/latex/microtype/mt-msa.cfg
File: mt-msa.cfg 2006/02/04 v1.1 microtype config. file: AMS symbols (a) (RS)
)
LaTeX Font Info:    Trying to load font information for U+msb on input line 19.


(/usr/local/texlive/2025basic/texmf-dist/tex/latex/amsfonts/umsb.fd
File: umsb.fd 2013/01/14 v3.01 AMS symbols B
)
(/usr/local/texlive/2025basic/texmf-dist/tex/latex/microtype/mt-msb.cfg
File: mt-msb.cfg 2005/06/01 v1.0 microtype config. file: AMS symbols (b) (RS)
)
LaTeX Font Info:    External font `lmex10' loaded for size
(Font)              <8> on input line 19.
LaTeX Font Info:    External font `lmex10' loaded for size
(Font)              <6> on input line 19.

Overfull \hbox (96.87114pt too wide) in paragraph at lines 35--37
 []\T1/lmr/bx/n/10.95 Key dis-cov-ery (high sig-nal).[] \T1/lmr/m/n/10.95 The f
ile \T1/lmtt/m/n/10.95 riemann-main/Riemann/Mathlib/Analysis/Complex/SchurFunct
ion.lean
 []

LaTeX Font Info:    External font `lmex10' loaded for size
(Font)              <14.4> on input line 44.
LaTeX Font Info:    External font `lmex10' loaded for size
(Font)              <7> on input line 44.
LaTeX Font Info:    Font shape `T1/lmtt/bx/n' in size <10.95> not available
(Font)              Font shape `T1/lmtt/b/n' tried instead on input line 50.

Underfull \hbox (badness 10000) in paragraph at lines 50--50
[]|\T1/lmr/bx/n/10.95 Paper
 []


Overfull \hbox (5.21294pt too wide) in alignment at lines 48--52
 [] [] [] 
 []


Underfull \hbox (badness 10000) in paragraph at lines 54--54
[]|\T1/lmr/bx/n/10.95 Paper
 []


Overfull \hbox (5.21294pt too wide) in alignment at lines 52--56
 [] [] [] 
 []


Overfull \hbox (5.21294pt too wide) in alignment at lines 56--58
 [] [] [] 
 []

LaTeX Font Info:    External font `lmex10' loaded for size
(Font)              <10.95> on input line 60.

Underfull \hbox (badness 10000) in paragraph at lines 61--64
[]|\T1/lmr/m/n/10.95 Lines 155--171 de-fine
 []


Underfull \hbox (badness 10000) in paragraph at lines 61--64
\OMS/lmsy/m/n/10.95 J\OT1/lmr/m/n/10.95 (\OML/lmm/m/it/10.95 s\OT1/lmr/m/n/10.9
5 ) = [][](\OML/lmm/m/it/10.95 I \OMS/lmsy/m/n/10.95 ^^@
 []


Underfull \hbox (badness 10000) in paragraph at lines 61--64
\OML/lmm/m/it/10.95 A\OT1/lmr/m/n/10.95 (\OML/lmm/m/it/10.95 s\OT1/lmr/m/n/10.9
5 ))\OML/lmm/m/it/10.95 =\OT1/lmr/m/n/10.95 (\OMS/lmsy/m/n/10.95 O\OT1/lmr/m/n/
10.95 (\OML/lmm/m/it/10.95 s\OT1/lmr/m/n/10.95 )\OML/lmm/m/it/10.95 ^^X\OT1/lmr
/m/n/10.95 (\OML/lmm/m/it/10.95 s\OT1/lmr/m/n/10.95 ))$ \T1/lmr/m/n/10.95 and
 []


Overfull \hbox (112.57585pt too wide) in paragraph at lines 65--66
[]|\T1/lmtt/m/n/10.95 riemann-main/Riemann/Riemann/RS/CRGreenOuter.lean| 
 []

Missing character: There is no ξ ("3BE) in font ec-lmr10!

Underfull \hbox (badness 4072) in paragraph at lines 67--68
\T1/lmr/m/n/10.95 stand-ing setup: ``CR-Green
 []


Underfull \hbox (badness 1043) in paragraph at lines 67--68
\T1/lmr/m/n/10.95 outer J (outer-normalized ra-
 []


Underfull \hbox (badness 1502) in paragraph at lines 71--72
\T1/lmr/m/n/10.95 (prod-uct for-mula con-text)
 []


Overfull \hbox (95.32965pt too wide) in paragraph at lines 73--74
[]|\T1/lmtt/m/n/10.95 riemann-main/Riemann/Riemann/RS/Det2Outer.lean| 
 []


Underfull \hbox (badness 6592) in paragraph at lines 75--75
\T1/lmr/m/n/10.95 with the Euler-factor prod-
 []


Underfull \hbox (badness 10000) in paragraph at lines 75--75
\T1/lmr/m/n/10.95 uct, and records an-a-lyt-ic-
 []


Underfull \hbox (badness 2698) in paragraph at lines 75--75
\T1/lmr/m/n/10.95 the bound-ary line (in-ter-face
 []


Underfull \hbox (badness 2680) in paragraph at lines 77--78
[]|\T1/lmr/bx/n/10.95 Poisson plateau lower
 []


Underfull \hbox (badness 10000) in paragraph at lines 78--80
[]|\T1/lmr/m/n/10.95 Lines 1392--1416 give
 []


Underfull \hbox (badness 3989) in paragraph at lines 78--80
\T1/lmr/m/n/10.95 Lemma ``Pois-son plateau
 []


Overfull \hbox (124.07332pt too wide) in paragraph at lines 81--82
[]|\T1/lmtt/m/n/10.95 riemann-main/Riemann/Riemann/RS/PoissonPlateau.lean| 
 []


Underfull \hbox (badness 3568) in paragraph at lines 83--83
[]|\T1/lmr/m/n/10.95 Formalizes a Poisson-plateau
 []


Underfull \hbox (badness 3758) in paragraph at lines 85--86
\OMS/lmsy/m/n/10.95 <\OML/lmm/m/it/10.95 F \OMS/lmsy/m/n/10.95 ^^U \OT1/lmr/m/n
/10.95 0$ \T1/lmr/bx/n/10.95 into Schur
 []


Underfull \hbox (badness 10000) in paragraph at lines 86--88
[]|\T1/lmtt/m/n/10.95 Riemann-active.txt
 []


Underfull \hbox (badness 10000) in paragraph at lines 86--88
\T1/lmr/m/n/10.95 (Glob-al-iza-tion sec-tion),
 []


Underfull \hbox (badness 10000) in paragraph at lines 86--88
\T1/lmr/m/n/10.95 lines 514--533: de-rive
 []


Overfull \hbox (198.80685pt too wide) in paragraph at lines 89--90
[]|\T1/lmtt/m/n/10.95 riemann-main/Riemann/Mathlib/Analysis/Complex/SchurFuncti
on.lean| 
 []


Overfull \hbox (184.64952pt too wide) in paragraph at lines 90--91
[]|\T1/lmtt/m/n/10.95 riemann-main/Riemann/Riemann/RS/SchurGlobalization.lean| 

 []


Underfull \hbox (badness 10000) in paragraph at lines 92--93
[]|\T1/lmtt/m/n/10.95 SchurFunction.lean \T1/lmr/m/n/10.95 de-
 []


Underfull \hbox (badness 10000) in paragraph at lines 92--93
\T1/lmr/m/n/10.95 fines \T1/lmtt/m/n/10.95 cayley \T1/lmr/m/n/10.95 and proves
 []


Underfull \hbox (badness 10000) in paragraph at lines 92--93
\T1/lmtt/m/n/10.95 schur_of_cayley_re_nonneg_on
 []


Underfull \hbox (badness 10000) in paragraph at lines 92--93
\T1/lmr/m/n/10.95 and \T1/lmtt/m/n/10.95 SchurOnRectangles\T1/lmr/m/n/10.95 ---
the
 []


Underfull \hbox (badness 10000) in paragraph at lines 96--98
[]|\T1/lmtt/m/n/10.95 Riemann-active.txt
 []


Underfull \hbox (badness 10000) in paragraph at lines 96--98
\T1/lmr/m/n/10.95 (Glob-al-iza-tion sec-tion),
 []


Underfull \hbox (badness 6876) in paragraph at lines 96--98
\T1/lmr/m/n/10.95 Schur bound, max-i-mum
 []


Overfull \hbox (198.80685pt too wide) in paragraph at lines 99--100
[]|\T1/lmtt/m/n/10.95 riemann-main/Riemann/Mathlib/Analysis/Complex/SchurFuncti
on.lean| 
 []


Overfull \hbox (184.64952pt too wide) in paragraph at lines 100--101
[]|\T1/lmtt/m/n/10.95 riemann-main/Riemann/Riemann/RS/SchurGlobalization.lean| 

 []

Missing character: There is no ’ ("2019) in font ec-lmr10!

Underfull \hbox (badness 10000) in paragraph at lines 102--103
[]|\T1/lmtt/m/n/10.95 SchurFunction.lean \T1/lmr/m/n/10.95 proves
 []


Underfull \hbox (badness 10000) in paragraph at lines 102--103
\T1/lmr/m/n/10.95 the max-modulus ``pinch'' as
 []


Underfull \hbox (badness 10000) in paragraph at lines 105--106
[]|\T1/lmr/bx/n/10.95 Removable sin-gu-lar-ity
 []


Underfull \hbox (badness 2119) in paragraph at lines 106--107
[]|\T1/lmr/m/n/10.95 Lines 1634--1639 (Lemma
 []


Underfull \hbox (badness 10000) in paragraph at lines 106--107
\T1/lmtt/m/n/10.95 removable-schur\T1/lmr/m/n/10.95 ) as-sert
 []


Overfull \hbox (147.06825pt too wide) in paragraph at lines 108--109
[]|\T1/lmtt/m/n/10.95 riemann-main/Riemann/Riemann/RS/SchurGlobalization.lean| 

 []


Underfull \hbox (badness 10000) in paragraph at lines 110--110
[]|\T1/lmr/m/n/10.95 Encodes a removable-
 []


Underfull \hbox (badness 10000) in paragraph at lines 110--110
\T1/lmr/m/n/10.95 singularity hy-poth-e-sis/bridge
 []


Overfull \hbox (28.09158pt too wide) in paragraph at lines 110--110
\T1/lmr/m/n/10.95 (\T1/lmtt/m/n/10.95 RemovableSingularityHypothesis\T1/lmr/m/n
/10.95 )
 []


Underfull \hbox (badness 10000) in paragraph at lines 110--110
\T1/lmr/m/n/10.95 sin-gu-lar-ity in-fras-truc-ture to
 []


Underfull \hbox (badness 5189) in paragraph at lines 112--113
[]|\T1/lmr/bx/n/10.95 Hardy/outer fac-tor-iza-
 []


Underfull \hbox (badness 4429) in paragraph at lines 112--113
\T1/lmr/bx/n/10.95 tion as nor-mal-iza-tion
 []


Underfull \hbox (badness 8132) in paragraph at lines 113--114
\T1/lmr/m/n/10.95 bound-ary mod-u-lus from
 []


Overfull \hbox (313.78152pt too wide) in paragraph at lines 115--116
[]|\T1/lmtt/m/n/10.95 riemann-main/Riemann/Mathlib/Analysis/Complex/HardySpace/
CanonicalFactorization.lean| 
 []


Overfull \hbox (299.62419pt too wide) in paragraph at lines 116--117
[]|\T1/lmtt/m/n/10.95 riemann-main/Riemann/Mathlib/Analysis/Complex/HardySpace/
PoissonKernel.lean| 
 []


Overfull \hbox (5.21294pt too wide) in alignment at lines 58--120
 [] [] [] 
 []

[1

] [2]
LaTeX Font Info:    Font shape `T1/lmtt/bx/n' in size <12> not available
(Font)              Font shape `T1/lmtt/b/n' tried instead on input line 135.


[3]
Missing character: There is no ₂ ("2082) in font ec-lmtt10!
Missing character: There is no ξ ("3BE) in font ec-lmtt10!
Missing character: There is no ℂ ("2102) in font ec-lmtt10!
Missing character: There is no ℂ ("2102) in font ec-lmtt10!

Overfull \hbox (82.1234pt too wide) in paragraph at lines 168--168
[]\T1/lmtt/m/n/10.95 These results are extracted from the Riemann Project's RS 
layer for potential Mathlib inclusion.[] 
 []

Missing character: There is no ℂ ("2102) in font ec-lmtt10!
Missing character: There is no → ("2192) in font ec-lmtt10!
Missing character: There is no ℂ ("2102) in font ec-lmtt10!
Missing character: There is no ℂ ("2102) in font ec-lmtt10!
Missing character: There is no → ("2192) in font ec-lmtt10!
Missing character: There is no ℂ ("2102) in font ec-lmtt10!

Overfull \hbox (22.3599pt too wide) in paragraph at lines 172--176
\T1/lmr/m/n/10.95 outer nor-mal-iza-tion $\OMS/lmsy/m/n/10.95 )$ \T1/lmr/m/n/10
.95 bound-ary uni-mod-u-lar-ity/transport $\OMS/lmsy/m/n/10.95 )$ \T1/lmr/m/n/1
0.95 Cay-ley/Schur $\OMS/lmsy/m/n/10.95 )$ \T1/lmr/m/n/10.95 pinch/globalizatio
n. 
 []



[4] (./mathlib_provenance_from_riemann_active.aux)
 ***********
LaTeX2e <2024-11-01> patch level 2
L3 programming layer <2025-01-18>
 ***********
Package rerunfilecheck Info: File `mathlib_provenance_from_riemann_active.out' 
has not changed.
(rerunfilecheck)             Checksum: D41D8CD98F00B204E9800998ECF8427E;0.
 ) 
Here is how much of TeX's memory you used:
 11967 strings out of 475366
 188868 string characters out of 5762340
 614415 words of memory out of 5000000
 34785 multiletter control sequences out of 15000+600000
 621444 words of font info for 93 fonts, out of 8000000 for 9000
 319 hyphenation exceptions out of 8191
 72i,8n,79p,1035b,479s stack positions out of 10000i,1000n,20000p,200000b,200000s

Output written on mathlib_provenance_from_riemann_active.pdf (4 pages).
