\BOOKMARK [0][-]{part.1}{\376\377\000I\000\040\000W\000h\000a\000t\000\040\000A\000r\000e\000\040\000P\000r\000i\000m\000e\000\040\000N\000u\000m\000b\000e\000r\000s\000?}{}% 1
\BOOKMARK [1][-]{section.1}{\376\377\000T\000h\000e\000\040\000C\000l\000a\000s\000s\000i\000c\000a\000l\000\040\000V\000i\000e\000w}{part.1}% 2
\BOOKMARK [2][-]{subsection.1.1}{\376\377\000P\000r\000i\000m\000e\000s\000\040\000a\000s\000\040\000a\000t\000o\000m\000s\000\040\000o\000f\000\040\000m\000u\000l\000t\000i\000p\000l\000i\000c\000a\000t\000i\000o\000n}{section.1}% 3
\BOOKMARK [2][-]{subsection.1.2}{\376\377\000W\000h\000y\000\040\000p\000r\000i\000m\000e\000s\000\040\000s\000e\000e\000m\000\040\000r\000a\000n\000d\000o\000m\000:\000\040\000t\000h\000e\000\040\000P\000r\000i\000m\000e\000\040\000N\000u\000m\000b\000e\000r\000\040\000T\000h\000e\000o\000r\000e\000m}{section.1}% 4
\BOOKMARK [2][-]{subsection.1.3}{\376\377\000T\000h\000e\000\040\000l\000o\000g\000a\000r\000i\000t\000h\000m\000i\000c\000\040\000p\000e\000r\000s\000p\000e\000c\000t\000i\000v\000e}{section.1}% 5
\BOOKMARK [1][-]{section.2}{\376\377\000T\000h\000e\000\040\000R\000e\000c\000o\000g\000n\000i\000t\000i\000o\000n\000\040\000S\000c\000i\000e\000n\000c\000e\000\040\000V\000i\000e\000w}{part.1}% 6
\BOOKMARK [2][-]{subsection.2.1}{\376\377\000W\000h\000a\000t\000\040\000i\000s\000\040\000R\000e\000c\000o\000g\000n\000i\000t\000i\000o\000n\000\040\000S\000c\000i\000e\000n\000c\000e\000?}{section.2}% 7
\BOOKMARK [2][-]{subsection.2.2}{\376\377\000P\000r\000i\000m\000e\000s\000\040\000a\000s\000\040\000i\000r\000r\000e\000d\000u\000c\000i\000b\000l\000e\000\040\000l\000e\000d\000g\000e\000r\000\040\000e\000v\000e\000n\000t\000s}{section.2}% 8
\BOOKMARK [2][-]{subsection.2.3}{\376\377\000T\000h\000e\000\040\000m\000u\000l\000t\000i\000p\000l\000i\000c\000a\000t\000i\000v\000e\000\040\000l\000e\000d\000g\000e\000r}{section.2}% 9
\BOOKMARK [1][-]{section.3}{\376\377\000W\000h\000y\000\040\000D\000o\000e\000s\000\040\000R\000S\000\040\000C\000a\000r\000e\000\040\000A\000b\000o\000u\000t\000\040\000P\000r\000i\000m\000e\000s\000?}{part.1}% 10
\BOOKMARK [2][-]{subsection.3.1}{\376\377\000C\000o\000n\000s\000e\000r\000v\000a\000t\000i\000o\000n\000\040\000l\000a\000w\000s\000\040\000i\000n\000\040\000R\000S}{section.3}% 11
\BOOKMARK [2][-]{subsection.3.2}{\376\377\000T\000h\000e\000\040\000e\000x\000p\000l\000i\000c\000i\000t\000\040\000f\000o\000r\000m\000u\000l\000a\000:\000\040\000p\000r\000i\000m\000e\000s\000\040\000=\000\040\000z\000e\000r\000o\000s}{section.3}% 12
\BOOKMARK [2][-]{subsection.3.3}{\376\377\000P\000r\000i\000m\000e\000s\000\040\000a\000s\000\040\000t\000h\000e\000\040\000`\000`\000s\000o\000u\000r\000c\000e\000\040\000t\000e\000r\000m\000s\000'\000'}{section.3}% 13
\BOOKMARK [0][-]{part.2}{\376\377\000I\000I\000\040\000P\000r\000i\000m\000e\000s\000\040\000i\000n\000\040\000t\000h\000e\000\040\000E\000i\000g\000h\000t\000-\000T\000i\000c\000k\000\040\000U\000n\000i\000v\000e\000r\000s\000e}{}% 14
\BOOKMARK [1][-]{section.4}{\376\377\000T\000h\000e\000\040\000E\000i\000g\000h\000t\000-\000T\000i\000c\000k\000\040\000S\000t\000r\000u\000c\000t\000u\000r\000e}{part.2}% 15
\BOOKMARK [2][-]{subsection.4.1}{\376\377\000W\000h\000y\000\040\0008\000?}{section.4}% 16
\BOOKMARK [2][-]{subsection.4.2}{\376\377\000W\000h\000a\000t\000\040\000t\000h\000e\000\040\000e\000i\000g\000h\000t\000-\000t\000i\000c\000k\000\040\000c\000y\000c\000l\000e\000\040\000d\000e\000t\000e\000r\000m\000i\000n\000e\000s}{section.4}% 17
\BOOKMARK [2][-]{subsection.4.3}{\376\377\000T\000h\000e\000\040\000N\000y\000q\000u\000i\000s\000t\000\040\000c\000u\000t\000o\000f\000f\000\040\000\050\000T\0007\000-\000H\000y\000p\000\051}{section.4}% 18
\BOOKMARK [1][-]{section.5}{\376\377\000T\000h\000e\000\040\000E\000i\000g\000h\000t\000-\000P\000h\000a\000s\000e\000\040\000O\000r\000a\000c\000l\000e}{part.2}% 19
\BOOKMARK [2][-]{subsection.5.1}{\376\377\000A\000\040\000p\000e\000r\000f\000e\000c\000t\000\040\000f\000a\000c\000t\000o\000r\000\040\000d\000i\000s\000c\000r\000i\000m\000i\000n\000a\000t\000o\000r}{section.5}% 20
\BOOKMARK [2][-]{subsection.5.2}{\376\377\000C\000o\000n\000n\000e\000c\000t\000i\000o\000n\000\040\000t\000o\000\040\000p\000r\000i\000m\000e\000s}{section.5}% 21
\BOOKMARK [1][-]{section.6}{\376\377\000T\000h\000e\000\040\000P\000r\000i\000m\000e\000\040\000S\000i\000e\000v\000e\000\040\000F\000a\000c\000t\000o\000r}{part.2}% 22
\BOOKMARK [2][-]{subsection.6.1}{\376\377\000S\000q\000u\000a\000r\000e\000-\000f\000r\000e\000e\000\040\000i\000n\000t\000e\000g\000e\000r\000s}{section.6}% 23
\BOOKMARK [2][-]{subsection.6.2}{\376\377\000T\000h\000e\000\040\000R\000S\000\040\000m\000o\000d\000u\000l\000a\000t\000i\000o\000n}{section.6}% 24
\BOOKMARK [1][-]{section.7}{\376\377\000G\000o\000l\000d\000b\000a\000c\000h\000\040\000a\000n\000d\000\040\000M\000o\000d\000-\0008\000\040\000K\000e\000r\000n\000e\000l\000s}{part.2}% 25
\BOOKMARK [2][-]{subsection.7.1}{\376\377\000T\000h\000e\000\040\000G\000o\000l\000d\000b\000a\000c\000h\000\040\000c\000o\000n\000j\000e\000c\000t\000u\000r\000e}{section.7}% 26
\BOOKMARK [2][-]{subsection.7.2}{\376\377\000T\000h\000e\000\040\000m\000o\000d\000-\0008\000\040\000k\000e\000r\000n\000e\000l}{section.7}% 27
\BOOKMARK [2][-]{subsection.7.3}{\376\377\000W\000h\000a\000t\000\040\000t\000h\000i\000s\000\040\000a\000c\000h\000i\000e\000v\000e\000s}{section.7}% 28
\BOOKMARK [0][-]{part.3}{\376\377\000I\000I\000I\000\040\000T\000h\000e\000\040\000R\000i\000e\000m\000a\000n\000n\000\040\000H\000y\000p\000o\000t\000h\000e\000s\000i\000s}{}% 29
\BOOKMARK [1][-]{section.8}{\376\377\000W\000h\000a\000t\000\040\000R\000H\000\040\000S\000a\000y\000s}{part.3}% 30
\BOOKMARK [2][-]{subsection.8.1}{\376\377\000T\000h\000e\000\040\000c\000l\000a\000s\000s\000i\000c\000a\000l\000\040\000s\000t\000a\000t\000e\000m\000e\000n\000t}{section.8}% 31
\BOOKMARK [2][-]{subsection.8.2}{\376\377\000W\000h\000y\000\040\000R\000H\000\040\000m\000a\000t\000t\000e\000r\000s}{section.8}% 32
\BOOKMARK [1][-]{section.9}{\376\377\000T\000h\000e\000\040\000E\000x\000p\000l\000i\000c\000i\000t\000\040\000F\000o\000r\000m\000u\000l\000a\000\040\000a\000s\000\040\000C\000o\000n\000s\000e\000r\000v\000a\000t\000i\000o\000n}{part.3}% 33
\BOOKMARK [2][-]{subsection.9.1}{\376\377\000T\000h\000e\000\040\000G\000u\000i\000n\000a\000n\000d\040\023\000W\000e\000i\000l\000\040\000f\000o\000r\000m\000u\000l\000a}{section.9}% 34
\BOOKMARK [2][-]{subsection.9.2}{\376\377\000T\000h\000e\000\040\000R\000S\000\040\000i\000n\000t\000e\000r\000p\000r\000e\000t\000a\000t\000i\000o\000n}{section.9}% 35
\BOOKMARK [1][-]{section.10}{\376\377\000T\000h\000e\000\040\000O\000b\000s\000t\000r\000u\000c\000t\000i\000o\000n\000\040\000t\000o\000\040\000C\000l\000a\000s\000s\000i\000c\000a\000l\000\040\000P\000r\000o\000o\000f\000s}{part.3}% 36
\BOOKMARK [2][-]{subsection.10.1}{\376\377\000W\000h\000y\000\040\000h\000a\000s\000n\000'\000t\000\040\000R\000H\000\040\000b\000e\000e\000n\000\040\000p\000r\000o\000v\000e\000d\000?}{section.10}% 37
\BOOKMARK [2][-]{subsection.10.2}{\376\377\000T\000h\000e\000\040\0002\000.\0005\000\045\000\040\000b\000a\000r\000r\000i\000e\000r}{section.10}% 38
\BOOKMARK [0][-]{part.4}{\376\377\000I\000V\000\040\000T\000h\000e\000\040\000R\000S\000\040\000P\000r\000o\000o\000f\000\040\000o\000f\000\040\000t\000h\000e\000\040\000R\000i\000e\000m\000a\000n\000n\000\040\000H\000y\000p\000o\000t\000h\000e\000s\000i\000s}{}% 39
\BOOKMARK [1][-]{section.11}{\376\377\000T\000h\000e\000\040\000N\000y\000q\000u\000i\000s\000t\000\040\000H\000y\000p\000o\000t\000h\000e\000s\000i\000s}{part.4}% 40
\BOOKMARK [2][-]{subsection.11.1}{\376\377\000B\000a\000n\000d\000l\000i\000m\000i\000t\000e\000d\000\040\000s\000i\000g\000n\000a\000l\000s}{section.11}% 41
\BOOKMARK [2][-]{subsection.11.2}{\376\377\000W\000h\000y\000\040\000t\000h\000i\000s\000\040\000m\000a\000t\000t\000e\000r\000s}{section.11}% 42
\BOOKMARK [1][-]{section.12}{\376\377\000T\000h\000e\000\040\000S\000c\000h\000u\000r\000\040\000P\000i\000n\000c\000h\000\040\000M\000e\000c\000h\000a\000n\000i\000s\000m}{part.4}% 43
\BOOKMARK [2][-]{subsection.12.1}{\376\377\000T\000h\000e\000\040\000a\000r\000i\000t\000h\000m\000e\000t\000i\000c\000\040\000r\000a\000t\000i\000o\000\040\000J\000\050\000s\000\051}{section.12}% 44
\BOOKMARK [2][-]{subsection.12.2}{\376\377\000T\000h\000e\000\040\000S\000c\000h\000u\000r\000\040\000p\000r\000o\000p\000e\000r\000t\000y}{section.12}% 45
\BOOKMARK [2][-]{subsection.12.3}{\376\377\000T\000h\000e\000\040\000p\000i\000n\000c\000h\000\040\000a\000r\000g\000u\000m\000e\000n\000t}{section.12}% 46
\BOOKMARK [1][-]{section.13}{\376\377\000T\000h\000e\000\040\000E\000n\000e\000r\000g\000y\000\040\000B\000u\000d\000g\000e\000t}{part.4}% 47
\BOOKMARK [2][-]{subsection.13.1}{\376\377\000C\000a\000r\000l\000e\000s\000o\000n\000\040\000e\000n\000e\000r\000g\000y}{section.13}% 48
\BOOKMARK [2][-]{subsection.13.2}{\376\377\000T\000h\000e\000\040\000b\000u\000d\000g\000e\000t\000\040\000c\000o\000n\000s\000t\000r\000a\000i\000n\000t}{section.13}% 49
\BOOKMARK [2][-]{subsection.13.3}{\376\377\000O\000f\000f\000-\000l\000i\000n\000e\000\040\000z\000e\000r\000o\000s\000\040\000e\000x\000c\000e\000e\000d\000\040\000t\000h\000e\000\040\000b\000u\000d\000g\000e\000t}{section.13}% 50
\BOOKMARK [1][-]{section.14}{\376\377\000T\000h\000e\000\040\000S\000q\000u\000e\000e\000z\000e}{part.4}% 51
\BOOKMARK [2][-]{subsection.14.1}{\376\377\000T\000h\000e\000\040\000M\000a\000x\000i\000m\000u\000m\000\040\000M\000o\000d\000u\000l\000u\000s\000\040\000P\000r\000i\000n\000c\000i\000p\000l\000e}{section.14}% 52
\BOOKMARK [2][-]{subsection.14.2}{\376\377\000Z\000e\000r\000o\000s\000\040\000s\000q\000u\000e\000e\000z\000e\000d\000\040\000o\000n\000t\000o\000\040\000t\000h\000e\000\040\000c\000r\000i\000t\000i\000c\000a\000l\000\040\000l\000i\000n\000e}{section.14}% 53
\BOOKMARK [2][-]{subsection.14.3}{\376\377\000T\000h\000e\000\040\000i\000n\000t\000u\000i\000t\000i\000v\000e\000\040\000p\000i\000c\000t\000u\000r\000e}{section.14}% 54
\BOOKMARK [1][-]{section.15}{\376\377\000W\000h\000a\000t\000\040\000T\000h\000i\000s\000\040\000P\000r\000o\000v\000e\000s\000\040\000\050\000a\000n\000d\000\040\000W\000h\000a\000t\000\040\000I\000t\000\040\000A\000s\000s\000u\000m\000e\000s\000\051}{part.4}% 55
\BOOKMARK [2][-]{subsection.15.1}{\376\377\000T\000h\000e\000\040\000c\000o\000n\000d\000i\000t\000i\000o\000n\000a\000l\000\040\000t\000h\000e\000o\000r\000e\000m}{section.15}% 56
\BOOKMARK [2][-]{subsection.15.2}{\376\377\000T\000h\000e\000\040\000s\000t\000a\000t\000u\000s\000\040\000o\000f\000\040\000T\0007\000-\000H\000y\000p}{section.15}% 57
\BOOKMARK [2][-]{subsection.15.3}{\376\377\000W\000h\000a\000t\000\040\000w\000o\000u\000l\000d\000\040\000p\000r\000o\000v\000e\000\040\000T\0007\000-\000H\000y\000p\000\040\000c\000l\000a\000s\000s\000i\000c\000a\000l\000l\000y\000?}{section.15}% 58
\BOOKMARK [0][-]{part.5}{\376\377\000V\000\040\000T\000h\000e\000\040\000B\000i\000g\000g\000e\000r\000\040\000P\000i\000c\000t\000u\000r\000e}{}% 59
\BOOKMARK [1][-]{section.16}{\376\377\000P\000r\000i\000m\000e\000s\000\040\000i\000n\000\040\000t\000h\000e\000\040\000L\000i\000g\000h\000t\000\040\000o\000f\000\040\000R\000S}{part.5}% 60
\BOOKMARK [2][-]{subsection.16.1}{\376\377\000S\000u\000m\000m\000a\000r\000y\000\040\000o\000f\000\040\000p\000r\000i\000m\000e\000\040\000r\000o\000l\000e\000s}{section.16}% 61
\BOOKMARK [2][-]{subsection.16.2}{\376\377\000T\000h\000e\000\040\000d\000e\000e\000p\000\040\000u\000n\000i\000t\000y}{section.16}% 62
\BOOKMARK [1][-]{section.17}{\376\377\000O\000p\000e\000n\000\040\000Q\000u\000e\000s\000t\000i\000o\000n\000s}{part.5}% 63
\BOOKMARK [2][-]{subsection.17.1}{\376\377\000C\000a\000n\000\040\000T\0007\000-\000H\000y\000p\000\040\000b\000e\000\040\000p\000r\000o\000v\000e\000d\000\040\000c\000l\000a\000s\000s\000i\000c\000a\000l\000l\000y\000?}{section.17}% 64
\BOOKMARK [2][-]{subsection.17.2}{\376\377\000W\000h\000a\000t\000\040\000o\000t\000h\000e\000r\000\040\000s\000t\000a\000t\000e\000m\000e\000n\000t\000s\000\040\000f\000o\000l\000l\000o\000w\000\040\000f\000r\000o\000m\000\040\000T\0007\000-\000H\000y\000p\000?}{section.17}% 65
\BOOKMARK [2][-]{subsection.17.3}{\376\377\000T\000h\000e\000\040\000r\000o\000a\000d\000\040\000t\000o\000\040\000u\000n\000c\000o\000n\000d\000i\000t\000i\000o\000n\000a\000l\000\040\000R\000H}{section.17}% 66
\BOOKMARK [1][-]{section.18}{\376\377\000C\000o\000n\000c\000l\000u\000s\000i\000o\000n}{part.5}% 67
\BOOKMARK [2][-]{subsection.18.1}{\376\377\000P\000r\000i\000m\000e\000s\000\040\000a\000r\000e\000\040\000n\000o\000t\000\040\000r\000a\000n\000d\000o\000m}{section.18}% 68
\BOOKMARK [2][-]{subsection.18.2}{\376\377\000R\000H\000\040\000i\000s\000\040\000n\000o\000t\000\040\000a\000\040\000m\000y\000s\000t\000e\000r\000y}{section.18}% 69
\BOOKMARK [2][-]{subsection.18.3}{\376\377\000R\000e\000c\000o\000g\000n\000i\000t\000i\000o\000n\000\040\000S\000c\000i\000e\000n\000c\000e\000\040\000o\000f\000f\000e\000r\000s\000\040\000a\000\040\000n\000e\000w\000\040\000l\000e\000n\000s}{section.18}% 70
\BOOKMARK [1][-]{appendix.A}{\376\377\000R\000S\000\040\000P\000r\000i\000m\000i\000t\000i\000v\000e\000s\000\040\000S\000u\000m\000m\000a\000r\000y}{part.5}% 71
\BOOKMARK [2][-]{subsection.A.1}{\376\377\000T\000h\000e\000\040\000R\000e\000c\000o\000g\000n\000i\000t\000i\000o\000n\000\040\000C\000o\000m\000p\000o\000s\000i\000t\000i\000o\000n\000\040\000L\000a\000w\000\040\000\050\000R\000C\000L\000\051}{appendix.A}% 72
\BOOKMARK [2][-]{subsection.A.2}{\376\377\000T\000h\000e\000\040\000u\000n\000i\000q\000u\000e\000\040\000c\000o\000s\000t\000\040\000f\000u\000n\000c\000t\000i\000o\000n}{appendix.A}% 73
\BOOKMARK [2][-]{subsection.A.3}{\376\377\000T\000h\000e\000\040\000f\000o\000r\000c\000i\000n\000g\000\040\000c\000h\000a\000i\000n\000\040\000T\0000\040\023\000T\0008}{appendix.A}% 74
\BOOKMARK [1][-]{appendix.B}{\376\377\000T\000e\000c\000h\000n\000i\000c\000a\000l\000\040\000L\000e\000m\000m\000a\000s}{part.5}% 75
\BOOKMARK [2][-]{subsection.B.1}{\376\377\000C\000o\000v\000e\000r\000a\000g\000e\000\040\000l\000o\000w\000e\000r\000\040\000b\000o\000u\000n\000d\000\040\000\050\000p\000r\000o\000v\000e\000d\000\051}{appendix.B}% 76
\BOOKMARK [2][-]{subsection.B.2}{\376\377\000N\000y\000q\000u\000i\000s\000t\000\040\000c\000u\000t\000o\000f\000f\000\040\000h\000y\000p\000o\000t\000h\000e\000s\000i\000s\000\040\000\050\000a\000s\000s\000u\000m\000e\000d\000\051}{appendix.B}% 77
\BOOKMARK [2][-]{subsection.B.3}{\376\377\000C\000a\000r\000l\000e\000s\000o\000n\000\040\000e\000n\000e\000r\000g\000y\000\040\000b\000o\000u\000n\000d\000\040\000\050\000p\000r\000o\000v\000e\000d\000\040\000u\000n\000d\000e\000r\000\040\000T\0007\000-\000H\000y\000p\000\051}{appendix.B}% 78
\BOOKMARK [1][-]{appendix.C}{\376\377\000C\000o\000m\000p\000a\000r\000i\000s\000o\000n\000\040\000w\000i\000t\000h\000\040\000C\000l\000a\000s\000s\000i\000c\000a\000l\000\040\000A\000p\000p\000r\000o\000a\000c\000h\000e\000s}{part.5}% 79
\BOOKMARK [2][-]{subsection.C.1}{\376\377\000C\000o\000n\000n\000e\000s\000/\000C\000C\000M\000\040\000r\000o\000u\000t\000e}{appendix.C}% 80
\BOOKMARK [2][-]{subsection.C.2}{\376\377\000d\000e\000\040\000B\000r\000a\000n\000g\000e\000s\000\040\000a\000p\000p\000r\000o\000a\000c\000h}{appendix.C}% 81
\BOOKMARK [2][-]{subsection.C.3}{\376\377\000B\000o\000u\000n\000d\000a\000r\000y\000\040\000m\000e\000t\000h\000o\000d\000s}{appendix.C}% 82
\BOOKMARK [2][-]{subsection.C.4}{\376\377\000T\000h\000e\000\040\000R\000S\000\040\000a\000p\000p\000r\000o\000a\000c\000h}{appendix.C}% 83
