\BOOKMARK [1][-]{section.1}{\376\377\000S\000t\000a\000t\000u\000s\000\040\000S\000u\000m\000m\000a\000r\000y}{}% 1
\BOOKMARK [2][-]{subsection.1.1}{\376\377\000K\000e\000y\000\040\000A\000c\000h\000i\000e\000v\000e\000m\000e\000n\000t}{section.1}% 2
\BOOKMARK [1][-]{section.2}{\376\377\000P\000r\000o\000o\000f\000\040\000A\000r\000c\000h\000i\000t\000e\000c\000t\000u\000r\000e}{}% 3
\BOOKMARK [2][-]{subsection.2.1}{\376\377\000M\000o\000d\000u\000l\000e\000\040\000O\000r\000g\000a\000n\000i\000z\000a\000t\000i\000o\000n}{section.2}% 4
\BOOKMARK [2][-]{subsection.2.2}{\376\377\000D\000e\000p\000e\000n\000d\000e\000n\000c\000y\000\040\000G\000r\000a\000p\000h}{section.2}% 5
\BOOKMARK [1][-]{section.3}{\376\377\000K\000e\000y\000\040\000L\000e\000a\000n\000\040\000F\000i\000l\000e\000s}{}% 6
\BOOKMARK [2][-]{subsection.3.1}{\376\377\000P\000r\000o\000o\000f\000\040\000M\000o\000d\000u\000l\000e\000\040\000\050\0004\000\040\000f\000i\000l\000e\000s\000\051}{section.3}% 7
\BOOKMARK [3][-]{subsubsection.3.1.1}{\376\377\000M\000a\000i\000n\000.\000l\000e\000a\000n}{subsection.3.1}% 8
\BOOKMARK [3][-]{subsubsection.3.1.2}{\376\377\000E\000x\000p\000o\000r\000t\000.\000l\000e\000a\000n}{subsection.3.1}% 9
\BOOKMARK [3][-]{subsubsection.3.1.3}{\376\377\000D\000O\000I\000.\000l\000e\000a\000n}{subsection.3.1}% 10
\BOOKMARK [3][-]{subsubsection.3.1.4}{\376\377\000A\000x\000i\000o\000m\000s\000C\000h\000e\000c\000k\000L\000i\000t\000e\000.\000l\000e\000a\000n}{subsection.3.1}% 11
\BOOKMARK [2][-]{subsection.3.2}{\376\377\000R\000S\000\040\000M\000o\000d\000u\000l\000e\000\040\000\050\0004\0002\000\040\000f\000i\000l\000e\000s\000\051}{section.3}% 12
\BOOKMARK [3][-]{subsubsection.3.2.1}{\376\377\000B\000o\000u\000n\000d\000a\000r\000y\000W\000e\000d\000g\000e\000P\000r\000o\000o\000f\000.\000l\000e\000a\000n}{subsection.3.2}% 13
\BOOKMARK [3][-]{subsubsection.3.2.2}{\376\377\000S\000c\000h\000u\000r\000G\000l\000o\000b\000a\000l\000i\000z\000a\000t\000i\000o\000n\000.\000l\000e\000a\000n}{subsection.3.2}% 14
\BOOKMARK [3][-]{subsubsection.3.2.3}{\376\377\000O\000f\000f\000Z\000e\000r\000o\000s\000B\000r\000i\000d\000g\000e\000.\000l\000e\000a\000n}{subsection.3.2}% 15
\BOOKMARK [3][-]{subsubsection.3.2.4}{\376\377\000P\000i\000n\000c\000h\000C\000e\000r\000t\000i\000f\000i\000c\000a\000t\000e\000.\000l\000e\000a\000n}{subsection.3.2}% 16
\BOOKMARK [3][-]{subsubsection.3.2.5}{\376\377\000C\000R\000G\000r\000e\000e\000n\000O\000u\000t\000e\000r\000.\000l\000e\000a\000n}{subsection.3.2}% 17
\BOOKMARK [3][-]{subsubsection.3.2.6}{\376\377\000C\000a\000y\000l\000e\000y\000.\000l\000e\000a\000n}{subsection.3.2}% 18
\BOOKMARK [3][-]{subsubsection.3.2.7}{\376\377\000P\000o\000i\000s\000s\000o\000n\000K\000e\000r\000n\000e\000l\000A\000n\000a\000l\000y\000s\000i\000s\000.\000l\000e\000a\000n}{subsection.3.2}% 19
\BOOKMARK [3][-]{subsubsection.3.2.8}{\376\377\000R\000o\000u\000t\000e\000B\000\137\000F\000i\000n\000a\000l\000.\000l\000e\000a\000n}{subsection.3.2}% 20
\BOOKMARK [3][-]{subsubsection.3.2.9}{\376\377\000O\000t\000h\000e\000r\000\040\000R\000S\000\040\000F\000i\000l\000e\000s}{subsection.3.2}% 21
\BOOKMARK [2][-]{subsection.3.3}{\376\377\000A\000c\000a\000d\000e\000m\000i\000c\000\040\000F\000r\000a\000m\000e\000w\000o\000r\000k\000\040\000M\000o\000d\000u\000l\000e\000\040\000\050\0001\0008\000\040\000f\000i\000l\000e\000s\000\051}{section.3}% 22
\BOOKMARK [3][-]{subsubsection.3.3.1}{\376\377\000C\000o\000m\000p\000l\000e\000t\000e\000d\000X\000i\000.\000l\000e\000a\000n}{subsection.3.3}% 23
\BOOKMARK [3][-]{subsubsection.3.3.2}{\376\377\000C\000o\000m\000p\000l\000e\000t\000e\000d\000X\000i\000S\000y\000m\000m\000e\000t\000r\000y\000.\000l\000e\000a\000n}{subsection.3.3}% 24
\BOOKMARK [3][-]{subsubsection.3.3.3}{\376\377\000C\000e\000r\000t\000i\000f\000i\000c\000a\000t\000e\000.\000l\000e\000a\000n}{subsection.3.3}% 25
\BOOKMARK [3][-]{subsubsection.3.3.4}{\376\377\000H\000a\000l\000f\000P\000l\000a\000n\000e\000O\000u\000t\000e\000r\000V\0002\000.\000l\000e\000a\000n}{subsection.3.3}% 26
\BOOKMARK [3][-]{subsubsection.3.3.5}{\376\377\000Z\000e\000t\000a\000F\000u\000n\000c\000t\000i\000o\000n\000a\000l\000E\000q\000u\000a\000t\000i\000o\000n\000.\000l\000e\000a\000n}{subsection.3.3}% 27
\BOOKMARK [3][-]{subsubsection.3.3.6}{\376\377\000T\000h\000e\000t\000a\000.\000l\000e\000a\000n}{subsection.3.3}% 28
\BOOKMARK [3][-]{subsubsection.3.3.7}{\376\377\000M\000e\000l\000l\000i\000n\000T\000h\000e\000t\000a\000Z\000e\000t\000a\000.\000l\000e\000a\000n}{subsection.3.3}% 29
\BOOKMARK [3][-]{subsubsection.3.3.8}{\376\377\000G\000a\000m\000m\000a\000B\000o\000u\000n\000d\000s\000.\000l\000e\000a\000n}{subsection.3.3}% 30
\BOOKMARK [3][-]{subsubsection.3.3.9}{\376\377\000E\000u\000l\000e\000r\000P\000r\000o\000d\000u\000c\000t\000M\000a\000t\000h\000l\000i\000b\000.\000l\000e\000a\000n}{subsection.3.3}% 31
\BOOKMARK [3][-]{subsubsection.3.3.10}{\376\377\000P\000o\000i\000s\000s\000o\000n\000C\000a\000y\000l\000e\000y\000.\000l\000e\000a\000n}{subsection.3.3}% 32
\BOOKMARK [3][-]{subsubsection.3.3.11}{\376\377\000C\000a\000y\000l\000e\000y\000A\000d\000a\000p\000t\000e\000r\000s\000.\000l\000e\000a\000n}{subsection.3.3}% 33
\BOOKMARK [3][-]{subsubsection.3.3.12}{\376\377\000D\000i\000s\000k\000H\000a\000r\000d\000y\000.\000l\000e\000a\000n}{subsection.3.3}% 34
\BOOKMARK [3][-]{subsubsection.3.3.13}{\376\377\000D\000i\000a\000g\000o\000n\000a\000l\000F\000r\000e\000d\000h\000o\000l\000m\000.\000l\000e\000a\000n}{subsection.3.3}% 35
\BOOKMARK [3][-]{subsubsection.3.3.14}{\376\377\000D\000i\000a\000g\000o\000n\000a\000l\000F\000r\000e\000d\000h\000o\000l\000m\000/\000\040\000\050\0005\000\040\000f\000i\000l\000e\000s\000\051}{subsection.3.3}% 36
\BOOKMARK [3][-]{subsubsection.3.3.15}{\376\377\000E\000u\000l\000e\000r\000P\000r\000o\000d\000u\000c\000t\000/\000\040\000\050\0002\000\040\000f\000i\000l\000e\000s\000\051}{subsection.3.3}% 37
\BOOKMARK [2][-]{subsection.3.4}{\376\377\000C\000e\000r\000t\000\040\000M\000o\000d\000u\000l\000e\000\040\000\050\0005\000\040\000f\000i\000l\000e\000s\000\051}{section.3}% 38
\BOOKMARK [3][-]{subsubsection.3.4.1}{\376\377\000K\000x\000i\000W\000h\000i\000t\000n\000e\000y\000.\000l\000e\000a\000n}{subsection.3.4}% 39
\BOOKMARK [3][-]{subsubsection.3.4.2}{\376\377\000K\000x\000i\000W\000h\000i\000t\000n\000e\000y\000\137\000R\000v\000M\000.\000l\000e\000a\000n}{subsection.3.4}% 40
\BOOKMARK [3][-]{subsubsection.3.4.3}{\376\377\000K\000x\000i\000P\000P\000l\000u\000s\000.\000l\000e\000a\000n}{subsection.3.4}% 41
\BOOKMARK [3][-]{subsubsection.3.4.4}{\376\377\000K\0000\000P\000P\000l\000u\000s\000.\000l\000e\000a\000n}{subsection.3.4}% 42
\BOOKMARK [3][-]{subsubsection.3.4.5}{\376\377\000F\000a\000c\000t\000o\000r\000s\000W\000i\000t\000n\000e\000s\000s\000.\000l\000e\000a\000n}{subsection.3.4}% 43
\BOOKMARK [2][-]{subsection.3.5}{\376\377\000O\000t\000h\000e\000r\000\040\000M\000o\000d\000u\000l\000e\000s}{section.3}% 44
\BOOKMARK [3][-]{subsubsection.3.5.1}{\376\377\000a\000n\000a\000l\000y\000t\000i\000c\000\137\000n\000u\000m\000b\000e\000r\000\137\000t\000h\000e\000o\000r\000y\000/\000V\000i\000n\000o\000g\000r\000a\000d\000o\000v\000K\000o\000r\000o\000b\000o\000v\000.\000l\000e\000a\000n}{subsection.3.5}% 45
\BOOKMARK [3][-]{subsubsection.3.5.2}{\376\377\000A\000x\000i\000o\000m\000s\000.\000l\000e\000a\000n}{subsection.3.5}% 46
\BOOKMARK [3][-]{subsubsection.3.5.3}{\376\377\000D\000e\000t\000e\000r\000m\000i\000n\000a\000n\000t\000I\000d\000e\000n\000t\000i\000t\000y\000C\000o\000m\000p\000l\000e\000t\000i\000o\000n\000P\000r\000o\000o\000f\000.\000l\000e\000a\000n}{subsection.3.5}% 47
\BOOKMARK [3][-]{subsubsection.3.5.4}{\376\377\000B\000l\000o\000c\000k\000e\000r\000s\000/\000T\000r\000i\000a\000g\000e\000.\000l\000e\000a\000n}{subsection.3.5}% 48
\BOOKMARK [1][-]{section.4}{\376\377\000P\000r\000o\000o\000f\000\040\000F\000l\000o\000w}{}% 49
\BOOKMARK [2][-]{subsection.4.1}{\376\377\000H\000i\000g\000h\000-\000L\000e\000v\000e\000l\000\040\000S\000t\000r\000a\000t\000e\000g\000y}{section.4}% 50
\BOOKMARK [2][-]{subsection.4.2}{\376\377\000S\000c\000h\000u\000r\000\040\000F\000u\000n\000c\000t\000i\000o\000n\000\040\000C\000o\000n\000s\000t\000r\000u\000c\000t\000i\000o\000n}{section.4}% 51
\BOOKMARK [2][-]{subsection.4.3}{\376\377\000C\000o\000n\000s\000t\000a\000n\000t\000s}{section.4}% 52
\BOOKMARK [1][-]{section.5}{\376\377\000A\000x\000i\000o\000m\000\040\000E\000l\000i\000m\000i\000n\000a\000t\000i\000o\000n\000\040\000D\000e\000t\000a\000i\000l\000s}{}% 53
\BOOKMARK [2][-]{subsection.5.1}{\376\377\000V\000K\000\040\000A\000n\000n\000u\000l\000a\000r\000\040\000C\000o\000u\000n\000t\000s}{section.5}% 54
\BOOKMARK [2][-]{subsection.5.2}{\376\377\000C\000a\000r\000l\000e\000s\000o\000n\000\040\000E\000n\000e\000r\000g\000y\000\040\000B\000o\000u\000n\000d}{section.5}% 55
\BOOKMARK [2][-]{subsection.5.3}{\376\377\000C\000R\000-\000G\000r\000e\000e\000n\000\040\000A\000n\000n\000u\000l\000a\000r\000\040\000S\000p\000l\000i\000t}{section.5}% 56
\BOOKMARK [1][-]{section.6}{\376\377\000B\000u\000i\000l\000d\000\040\000I\000n\000s\000t\000r\000u\000c\000t\000i\000o\000n\000s}{}% 57
\BOOKMARK [2][-]{subsection.6.1}{\376\377\000P\000r\000e\000r\000e\000q\000u\000i\000s\000i\000t\000e\000s}{section.6}% 58
\BOOKMARK [2][-]{subsection.6.2}{\376\377\000B\000u\000i\000l\000d\000i\000n\000g}{section.6}% 59
\BOOKMARK [2][-]{subsection.6.3}{\376\377\000V\000e\000r\000i\000f\000i\000c\000a\000t\000i\000o\000n}{section.6}% 60
\BOOKMARK [1][-]{section.7}{\376\377\000F\000u\000t\000u\000r\000e\000\040\000W\000o\000r\000k}{}% 61
\BOOKMARK [2][-]{subsection.7.1}{\376\377\000F\000o\000r\000m\000a\000l\000i\000z\000e\000\040\000V\000K\000\040\000E\000s\000t\000i\000m\000a\000t\000e\000s\000\040\000\050\0003\000-\0004\000\040\000m\000o\000n\000t\000h\000s\000\051}{section.7}% 62
\BOOKMARK [2][-]{subsection.7.2}{\376\377\000F\000o\000r\000m\000a\000l\000i\000z\000e\000\040\000C\000R\000-\000G\000r\000e\000e\000n\000\040\000M\000a\000c\000h\000i\000n\000e\000r\000y\000\040\000\050\0002\000-\0003\000\040\000m\000o\000n\000t\000h\000s\000\051}{section.7}% 63
\BOOKMARK [2][-]{subsection.7.3}{\376\377\000C\000o\000n\000n\000e\000c\000t\000\040\000t\000o\000\040\000A\000c\000t\000u\000a\000l\000\040\000Z\000e\000r\000o\000s\000\040\000\050\0001\000-\0002\000\040\000m\000o\000n\000t\000h\000s\000\051}{section.7}% 64
\BOOKMARK [1][-]{section.8}{\376\377\000R\000e\000p\000o\000s\000i\000t\000o\000r\000y\000\040\000I\000n\000f\000o\000r\000m\000a\000t\000i\000o\000n}{}% 65
\BOOKMARK [1][-]{section.9}{\376\377\000A\000c\000k\000n\000o\000w\000l\000e\000d\000g\000m\000e\000n\000t\000s}{}% 66
\BOOKMARK [1][-]{appendix.A}{\376\377\000F\000i\000l\000e\000\040\000L\000i\000s\000t\000i\000n\000g}{}% 67
\BOOKMARK [1][-]{appendix.B}{\376\377\000K\000e\000y\000\040\000T\000h\000e\000o\000r\000e\000m\000\040\000S\000t\000a\000t\000e\000m\000e\000n\000t\000s}{}% 68
\BOOKMARK [2][-]{subsection.B.1}{\376\377\000M\000a\000i\000n\000\040\000T\000h\000e\000o\000r\000e\000m}{appendix.B}% 69
\BOOKMARK [2][-]{subsection.B.2}{\376\377\000C\000o\000r\000e\000\040\000R\000H\000\040\000L\000o\000g\000i\000c}{appendix.B}% 70
