\BOOKMARK [1][-]{section.1}{\376\377\000S\000u\000m\000m\000a\000r\000y\000\040\000o\000f\000\040\000W\000h\000a\000t\000\040\000I\000s\000\040\000P\000r\000o\000v\000e\000n}{}% 1
\BOOKMARK [2][-]{subsection.1.1}{\376\377\000F\000a\000r\000-\000F\000i\000e\000l\000d\000\040\000\050\000U\000n\000c\000o\000n\000d\000i\000t\000i\000o\000n\000a\000l\000\051}{section.1}% 2
\BOOKMARK [2][-]{subsection.1.2}{\376\377\000N\000e\000a\000r\000-\000F\000i\000e\000l\000d\000\040\000\050\000E\000f\000f\000e\000c\000t\000i\000v\000e\000\051}{section.1}% 3
\BOOKMARK [1][-]{section.2}{\376\377\000T\000h\000e\000\040\000R\000e\000m\000a\000i\000n\000i\000n\000g\000\040\000G\000a\000p\000:\000\040\000P\000r\000e\000c\000i\000s\000e\000\040\000M\000a\000t\000h\000e\000m\000a\000t\000i\000c\000a\000l\000\040\000S\000t\000a\000t\000e\000m\000e\000n\000t}{}% 4
\BOOKMARK [2][-]{subsection.2.1}{\376\377\000T\000h\000e\000\040\000H\000e\000i\000g\000h\000t\000-\000D\000e\000p\000e\000n\000d\000e\000n\000t\000\040\000T\000e\000r\000m}{section.2}% 5
\BOOKMARK [2][-]{subsection.2.2}{\376\377\000T\000h\000e\000\040\000A\000t\000o\000m\000i\000c\000\040\000T\000a\000r\000g\000e\000t}{section.2}% 6
\BOOKMARK [1][-]{section.3}{\376\377\000W\000h\000y\000\040\000C\000l\000a\000s\000s\000i\000c\000a\000l\000\040\000M\000e\000t\000h\000o\000d\000s\000\040\000G\000i\000v\000e\000\040\000T\000\040\000G\000r\000o\000w\000t\000h}{}% 7
\BOOKMARK [1][-]{section.4}{\376\377\000T\000h\000e\000\040\000E\000x\000p\000l\000i\000c\000i\000t\000\040\000F\000o\000r\000m\000u\000l\000a\000\040\000P\000e\000r\000s\000p\000e\000c\000t\000i\000v\000e}{}% 8
\BOOKMARK [2][-]{subsection.4.1}{\376\377\000P\000r\000i\000m\000e\000-\000Z\000e\000r\000o\000\040\000D\000u\000a\000l\000i\000t\000y}{section.4}% 9
\BOOKMARK [2][-]{subsection.4.2}{\376\377\000T\000h\000e\000\040\000F\000i\000n\000i\000t\000e\000\040\000B\000a\000n\000d\000w\000i\000d\000t\000h\000\040\000I\000n\000t\000u\000i\000t\000i\000o\000n}{section.4}% 10
\BOOKMARK [2][-]{subsection.4.3}{\376\377\000W\000h\000y\000\040\000T\000h\000i\000s\000\040\000D\000o\000e\000s\000\040\000N\000O\000T\000\040\000I\000m\000m\000e\000d\000i\000a\000t\000e\000l\000y\000\040\000C\000l\000o\000s\000e\000\040\000t\000h\000e\000\040\000G\000a\000p}{section.4}% 11
\BOOKMARK [1][-]{section.5}{\376\377\000R\000e\000c\000o\000g\000n\000i\000t\000i\000o\000n\000\040\000S\000c\000i\000e\000n\000c\000e\000\040\000R\000e\000s\000o\000l\000u\000t\000i\000o\000n}{}% 12
\BOOKMARK [2][-]{subsection.5.1}{\376\377\000A\000x\000i\000o\000m\000\040\000T\0007\000:\000\040\000N\000y\000q\000u\000i\000s\000t\000\040\000C\000o\000v\000e\000r\000a\000g\000e\000\040\000B\000o\000u\000n\000d}{section.5}% 13
\BOOKMARK [2][-]{subsection.5.2}{\376\377\000S\000t\000a\000t\000u\000s\000\040\000i\000n\000\040\000R\000S\000\040\000v\000s\000\040\000S\000t\000a\000n\000d\000a\000r\000d\000\040\000M\000a\000t\000h\000e\000m\000a\000t\000i\000c\000s}{section.5}% 14
\BOOKMARK [1][-]{section.6}{\376\377\000W\000h\000a\000t\000\040\000W\000o\000u\000l\000d\000\040\000M\000a\000k\000e\000\040\000I\000t\000\040\000R\000i\000g\000o\000r\000o\000u\000s\000\040\000i\000n\000\040\000S\000t\000a\000n\000d\000a\000r\000d\000\040\000M\000a\000t\000h\000e\000m\000a\000t\000i\000c\000s}{}% 15
\BOOKMARK [1][-]{section.7}{\376\377\000T\000h\000e\000\040\000P\000a\000i\000r\000\040\000C\000o\000r\000r\000e\000l\000a\000t\000i\000o\000n\000\040\000R\000o\000u\000t\000e\000\040\000a\000n\000d\000\040\000I\000t\000s\000\040\000O\000b\000s\000t\000r\000u\000c\000t\000i\000o\000n}{}% 16
\BOOKMARK [2][-]{subsection.7.1}{\376\377\000C\000a\000r\000l\000e\000s\000o\000n\000\040\000E\000n\000e\000r\000g\000y\000\040\000a\000s\000\040\000a\000\040\000B\000i\000l\000i\000n\000e\000a\000r\000\040\000F\000o\000r\000m}{section.7}% 17
\BOOKMARK [2][-]{subsection.7.2}{\376\377\000M\000o\000n\000t\000g\000o\000m\000e\000r\000y\000'\000s\000\040\000P\000a\000i\000r\000\040\000C\000o\000r\000r\000e\000l\000a\000t\000i\000o\000n\000\040\000C\000o\000n\000j\000e\000c\000t\000u\000r\000e}{section.7}% 18
\BOOKMARK [2][-]{subsection.7.3}{\376\377\000W\000h\000y\000\040\000P\000a\000i\000r\000\040\000C\000o\000r\000r\000e\000l\000a\000t\000i\000o\000n\000\040\000W\000o\000u\000l\000d\000\040\000C\000l\000o\000s\000e\000\040\000t\000h\000e\000\040\000G\000a\000p}{section.7}% 19
\BOOKMARK [2][-]{subsection.7.4}{\376\377\000T\000h\000e\000\040\000C\000i\000r\000c\000u\000l\000a\000r\000i\000t\000y\000\040\000P\000r\000o\000b\000l\000e\000m}{section.7}% 20
\BOOKMARK [2][-]{subsection.7.5}{\376\377\000H\000o\000w\000\040\000R\000S\000\040\000B\000r\000e\000a\000k\000s\000\040\000t\000h\000e\000\040\000C\000i\000r\000c\000u\000l\000a\000r\000i\000t\000y}{section.7}% 21
\BOOKMARK [1][-]{section.8}{\376\377\000H\000o\000n\000e\000s\000t\000\040\000S\000u\000m\000m\000a\000r\000y}{}% 22
\BOOKMARK [1][-]{section.9}{\376\377\000T\000h\000e\000\040\000P\000r\000e\000c\000i\000s\000e\000\040\000E\000q\000u\000i\000v\000a\000l\000e\000n\000c\000e\000\040\000S\000t\000a\000t\000e\000m\000e\000n\000t}{}% 23
\BOOKMARK [1][-]{section.10}{\376\377\000P\000o\000t\000e\000n\000t\000i\000a\000l\000\040\000P\000a\000t\000h\000s\000\040\000i\000n\000\040\000S\000t\000a\000n\000d\000a\000r\000d\000\040\000M\000a\000t\000h\000e\000m\000a\000t\000i\000c\000s}{}% 24
\BOOKMARK [2][-]{subsection.10.1}{\376\377\000P\000a\000t\000h\000\040\000A\000:\000\040\000D\000i\000r\000e\000c\000t\000\040\000B\000o\000u\000n\000d\000\040\000o\000n\000\040\000P\000r\000i\000m\000e\000\040\000D\000i\000r\000i\000c\000h\000l\000e\000t\000\040\000P\000o\000l\000y\000n\000o\000m\000i\000a\000l\000s}{section.10}% 25
\BOOKMARK [2][-]{subsection.10.2}{\376\377\000P\000a\000t\000h\000\040\000B\000:\000\040\000Z\000e\000r\000o\000\040\000D\000e\000n\000s\000i\000t\000y\000\040\000w\000i\000t\000h\000\040\000E\000x\000p\000o\000n\000e\000n\000t\000i\000a\000l\000\040\000D\000e\000p\000t\000h\000\040\000D\000e\000c\000a\000y}{section.10}% 26
\BOOKMARK [2][-]{subsection.10.3}{\376\377\000P\000a\000t\000h\000\040\000C\000:\000\040\000S\000e\000l\000b\000e\000r\000g\000'\000s\000\040\000C\000L\000T\000\040\000a\000n\000d\000\040\000R\000a\000r\000e\000\040\000E\000x\000c\000u\000r\000s\000i\000o\000n\000s}{section.10}% 27
\BOOKMARK [2][-]{subsection.10.4}{\376\377\000P\000a\000t\000h\000\040\000D\000:\000\040\000A\000r\000i\000t\000h\000m\000e\000t\000i\000c\000\040\000C\000o\000n\000s\000t\000r\000a\000i\000n\000t\000s\000\040\000f\000r\000o\000m\000\040\000t\000h\000e\000\040\000E\000x\000p\000l\000i\000c\000i\000t\000\040\000F\000o\000r\000m\000u\000l\000a}{section.10}% 28
\BOOKMARK [2][-]{subsection.10.5}{\376\377\000P\000a\000t\000h\000\040\000E\000:\000\040\000M\000o\000d\000e\000l\000-\000T\000h\000e\000o\000r\000e\000t\000i\000c\000\040\000/\000\040\000N\000o\000n\000-\000S\000t\000a\000n\000d\000a\000r\000d\000\040\000A\000n\000a\000l\000y\000s\000i\000s}{section.10}% 29
\BOOKMARK [1][-]{section.11}{\376\377\000C\000o\000n\000c\000l\000u\000s\000i\000o\000n}{}% 30
